Spark Command: /usr/lib/jvm/java-8-openjdk-amd64/jre/bin/java -cp /opt/spark-2.3.4-bin-hadoop2.7/conf/:/opt/spark-2.3.4-bin-hadoop2.7/jars/* -Xmx1g org.apache.spark.deploy.worker.Worker --webui-port 8081 spark://2bde4faf04ec:7077
========================================
2021-06-11 18:33:55 INFO  Worker:2612 - Started daemon with process name: 1704@2bde4faf04ec
2021-06-11 18:33:55 INFO  SignalUtils:54 - Registered signal handler for TERM
2021-06-11 18:33:55 INFO  SignalUtils:54 - Registered signal handler for HUP
2021-06-11 18:33:55 INFO  SignalUtils:54 - Registered signal handler for INT
2021-06-11 18:33:56 WARN  NativeCodeLoader:62 - Unable to load native-hadoop library for your platform... using builtin-java classes where applicable
2021-06-11 18:33:56 INFO  SecurityManager:54 - Changing view acls to: root
2021-06-11 18:33:56 INFO  SecurityManager:54 - Changing modify acls to: root
2021-06-11 18:33:56 INFO  SecurityManager:54 - Changing view acls groups to: 
2021-06-11 18:33:56 INFO  SecurityManager:54 - Changing modify acls groups to: 
2021-06-11 18:33:56 INFO  SecurityManager:54 - SecurityManager: authentication disabled; ui acls disabled; users  with view permissions: Set(root); groups with view permissions: Set(); users  with modify permissions: Set(root); groups with modify permissions: Set()
2021-06-11 18:33:57 INFO  Utils:54 - Successfully started service 'sparkWorker' on port 40339.
2021-06-11 18:33:58 INFO  Worker:54 - Starting Spark worker 172.18.0.2:40339 with 2 cores, 6.3 GB RAM
2021-06-11 18:33:58 INFO  Worker:54 - Running Spark version 2.3.4
2021-06-11 18:33:58 INFO  Worker:54 - Spark home: /opt/spark-2.3.4-bin-hadoop2.7
2021-06-11 18:33:58 INFO  log:192 - Logging initialized @4447ms
2021-06-11 18:33:58 INFO  Server:351 - jetty-9.3.z-SNAPSHOT, build timestamp: unknown, git hash: unknown
2021-06-11 18:33:58 INFO  Server:419 - Started @4598ms
2021-06-11 18:33:58 WARN  Utils:66 - Service 'WorkerUI' could not bind on port 8081. Attempting port 8082.
2021-06-11 18:33:58 WARN  Utils:66 - Service 'WorkerUI' could not bind on port 8082. Attempting port 8083.
2021-06-11 18:33:58 WARN  Utils:66 - Service 'WorkerUI' could not bind on port 8083. Attempting port 8084.
2021-06-11 18:33:58 INFO  AbstractConnector:278 - Started ServerConnector@2c3fb727{HTTP/1.1,[http/1.1]}{0.0.0.0:8084}
2021-06-11 18:33:58 INFO  Utils:54 - Successfully started service 'WorkerUI' on port 8084.
2021-06-11 18:33:58 INFO  ContextHandler:781 - Started o.s.j.s.ServletContextHandler@15aefa15{/logPage,null,AVAILABLE,@Spark}
2021-06-11 18:33:58 INFO  ContextHandler:781 - Started o.s.j.s.ServletContextHandler@8bc81b3{/logPage/json,null,AVAILABLE,@Spark}
2021-06-11 18:33:58 INFO  ContextHandler:781 - Started o.s.j.s.ServletContextHandler@1e7d34d6{/,null,AVAILABLE,@Spark}
2021-06-11 18:33:58 INFO  ContextHandler:781 - Started o.s.j.s.ServletContextHandler@19a1366f{/json,null,AVAILABLE,@Spark}
2021-06-11 18:33:58 INFO  ContextHandler:781 - Started o.s.j.s.ServletContextHandler@75fc8df1{/static,null,AVAILABLE,@Spark}
2021-06-11 18:33:58 INFO  ContextHandler:781 - Started o.s.j.s.ServletContextHandler@114b824c{/log,null,AVAILABLE,@Spark}
2021-06-11 18:33:58 INFO  WorkerWebUI:54 - Bound WorkerWebUI to 0.0.0.0, and started at http://2bde4faf04ec:8084
2021-06-11 18:33:58 INFO  Worker:54 - Connecting to master 2bde4faf04ec:7077...
2021-06-11 18:33:58 INFO  ContextHandler:781 - Started o.s.j.s.ServletContextHandler@7ebe4db7{/metrics/json,null,AVAILABLE,@Spark}
2021-06-11 18:33:58 INFO  TransportClientFactory:267 - Successfully created connection to 2bde4faf04ec/172.18.0.2:7077 after 151 ms (0 ms spent in bootstraps)
2021-06-11 18:33:59 INFO  Worker:54 - Successfully registered with master spark://2bde4faf04ec:7077
